<?xml version="1.0" encoding="UTF-8"?>
<!-- Generated by org.testng.reporters.JUnitReportReporter -->
<testsuite hostname="Abhishek" failures="0" tests="20" name="Day_4.Invocation_count" time="0.057" errors="0" timestamp="2024-05-21T22:57:19 IST" skipped="0">
  <testcase classname="Day_4.Invocation_count" name="test" time="0.004"/>
  <system-out/>
  <testcase classname="Day_4.Invocation_count" name="test" time="0.001"/>
  <system-out/>
  <testcase classname="Day_4.Invocation_count" name="test" time="0.001"/>
  <system-out/>
  <testcase classname="Day_4.Invocation_count" name="test" time="0.001"/>
  <system-out/>
  <testcase classname="Day_4.Invocation_count" name="test" time="0.002"/>
  <system-out/>
  <testcase classname="Day_4.Invocation_count" name="test" time="0.001"/>
  <system-out/>
  <testcase classname="Day_4.Invocation_count" name="test" time="0.002"/>
  <system-out/>
  <testcase classname="Day_4.Invocation_count" name="test" time="0.001"/>
  <system-out/>
  <testcase classname="Day_4.Invocation_count" name="test" time="0.006"/>
  <system-out/>
  <testcase classname="Day_4.Invocation_count" name="test" time="0.002"/>
  <system-out/>
  <testcase classname="Day_4.Invocation_count" name="test" time="0.006"/>
  <system-out/>
  <testcase classname="Day_4.Invocation_count" name="test" time="0.001"/>
  <system-out/>
  <testcase classname="Day_4.Invocation_count" name="test" time="0.004"/>
  <system-out/>
  <testcase classname="Day_4.Invocation_count" name="test" time="0.004"/>
  <system-out/>
  <testcase classname="Day_4.Invocation_count" name="test" time="0.003"/>
  <system-out/>
  <testcase classname="Day_4.Invocation_count" name="test" time="0.002"/>
  <system-out/>
  <testcase classname="Day_4.Invocation_count" name="test" time="0.004"/>
  <system-out/>
  <testcase classname="Day_4.Invocation_count" name="test" time="0.010"/>
  <system-out/>
  <testcase classname="Day_4.Invocation_count" name="test" time="0.001"/>
  <system-out/>
  <testcase classname="Day_4.Invocation_count" name="test" time="0.001"/>
  <system-out/>
</testsuite> <!-- Day_4.Invocation_count -->
