<?xml version="1.0" encoding="UTF-8"?>
<!-- Generated by org.testng.reporters.JUnitReportReporter -->
<testsuite hostname="Abhishek" failures="0" tests="2" name="Day_4.Parallel_testing" time="0.512" errors="0" timestamp="2024-05-22T00:00:18 IST" skipped="0">
  <testcase classname="Day_4.Parallel_testing" name="testlog" time="0.496"/>
  <system-out/>
  <testcase classname="Day_4.Parallel_testing" name="testhomepagetitle" time="0.016"/>
  <system-out/>
</testsuite> <!-- Day_4.Parallel_testing -->
