<?xml version="1.0" encoding="UTF-8"?>
<!-- Generated by org.testng.reporters.JUnitReportReporter -->
<testsuite hostname="Abhishek" failures="0" tests="2" name="Day_2_1.Before_and_after_suite" time="0.009" errors="0" timestamp="2024-05-19T22:45:44 IST" skipped="0">
  <testcase classname="Day_2_1.Before_and_after_suite" name="search" time="0.006"/>
  <system-out/>
  <testcase classname="Day_2_1.Before_and_after_suite" name="advancedsearch" time="0.003"/>
  <system-out/>
</testsuite> <!-- Day_2_1.Before_and_after_suite -->
