<?xml version="1.0" encoding="UTF-8"?>
<!-- Generated by org.testng.reporters.JUnitReportReporter -->
<testsuite hostname="Abhishek" failures="0" tests="2" name="Day_2.Before_and_after_class" time="0.012" errors="0" timestamp="2024-05-19T22:25:40 IST" skipped="0">
  <testcase classname="Day_2.Before_and_after_class" name="search" time="0.007"/>
  <system-out/>
  <testcase classname="Day_2.Before_and_after_class" name="advancedsearch" time="0.005"/>
  <system-out/>
</testsuite> <!-- Day_2.Before_and_after_class -->
