<?xml version="1.0" encoding="UTF-8"?>
<!-- Generated by org.testng.reporters.JUnitReportReporter -->
<testsuite hostname="Abhishek" failures="0" tests="4" name="Day_4.Parallel_testing_parallel" time="1.140" errors="0" timestamp="2024-05-22T00:14:21 IST" skipped="0">
  <testcase classname="Day_4.Parallel_testing_parallel" name="testlog" time="1.077"/>
  <system-out/>
  <testcase classname="Day_4.Parallel_testing_parallel" name="testlog" time="0.041"/>
  <system-out/>
  <testcase classname="Day_4.Parallel_testing_parallel" name="testhomepagetitle" time="0.010"/>
  <system-out/>
  <testcase classname="Day_4.Parallel_testing_parallel" name="testhomepagetitle" time="0.012"/>
  <system-out/>
</testsuite> <!-- Day_4.Parallel_testing_parallel -->
