<?xml version="1.0" encoding="UTF-8"?>
<!-- Generated by org.testng.reporters.JUnitReportReporter -->
<testsuite hostname="Abhishek" failures="0" tests="1" name="Day_1.Instragam_login" time="0.398" errors="0" timestamp="2024-05-19T17:21:10 IST" skipped="0">
  <testcase classname="Day_1.Instragam_login" name="login" time="0.398"/>
  <system-out/>
</testsuite> <!-- Day_1.Instragam_login -->
