<?xml version="1.0" encoding="UTF-8"?>
<!-- Generated by org.testng.reporters.JUnitReportReporter -->
<testsuite hostname="Abhishek" failures="0" tests="1" name="Day_2_1.Before_test" time="0.008" errors="0" timestamp="2024-05-19T22:42:28 IST" skipped="0">
  <testcase classname="Day_2_1.Before_test" name="abc" time="0.008"/>
  <system-out/>
</testsuite> <!-- Day_2_1.Before_test -->
