<?xml version="1.0" encoding="UTF-8"?>
<!-- Generated by org.testng.reporters.JUnitReportReporter -->
<testsuite hostname="Abhishek" failures="0" tests="3" name="Day_3.Grouping" time="0.014" errors="0" timestamp="2024-05-20T22:45:03 IST" skipped="0">
  <testcase classname="Day_3.Grouping" name="loginbyfacebook" time="0.011"/>
  <system-out/>
  <testcase classname="Day_3.Grouping" name="loginbytwitter" time="0.001"/>
  <system-out/>
  <testcase classname="Day_3.Grouping" name="paymenindollor" time="0.002"/>
  <system-out/>
</testsuite> <!-- Day_3.Grouping -->
