<?xml version="1.0" encoding="UTF-8"?>
<!-- Generated by org.testng.reporters.JUnitReportReporter -->
<testsuite hostname="Abhishek" failures="0" tests="2" name="Day_4.Parallel_testing_series" time="0.045" errors="0" timestamp="2024-05-21T23:54:19 IST" skipped="0">
  <testcase classname="Day_4.Parallel_testing_series" name="testlog" time="0.034"/>
  <system-out/>
  <testcase classname="Day_4.Parallel_testing_series" name="testhomepagetitle" time="0.011"/>
  <system-out/>
</testsuite> <!-- Day_4.Parallel_testing_series -->
