<?xml version="1.0" encoding="UTF-8"?>
<!-- Generated by org.testng.reporters.JUnitReportReporter -->
<testsuite hostname="Abhishek" failures="0" tests="1" name="Day_3.Data_provider" time="0.414" errors="0" timestamp="2024-05-20T23:57:16 IST" skipped="0">
  <testcase classname="Day_3.Data_provider" name="testlogin" time="0.414"/>
  <system-out/>
</testsuite> <!-- Day_3.Data_provider -->
