<?xml version="1.0" encoding="UTF-8"?>
<!-- Generated by org.testng.reporters.JUnitReportReporter -->
<testsuite hostname="Abhishek" failures="0" tests="3" name="Day_1.first_test" time="0.008" errors="0" timestamp="2024-05-19T17:21:10 IST" skipped="0">
  <testcase classname="Day_1.first_test" name="test3" time="0.003"/>
  <system-out/>
  <testcase classname="Day_1.first_test" name="test2" time="0.001"/>
  <system-out/>
  <testcase classname="Day_1.first_test" name="test1" time="0.004"/>
  <system-out/>
</testsuite> <!-- Day_1.first_test -->
