<?xml version="1.0" encoding="UTF-8"?>
<!-- Generated by org.testng.reporters.JUnitReportReporter -->
<testsuite hostname="Abhishek" failures="0" tests="2" name="Day_2.All_annotations" time="0.011" errors="0" timestamp="2024-05-19T23:03:35 IST" skipped="0">
  <testcase classname="Day_2.All_annotations" name="abc" time="0.008"/>
  <system-out/>
  <testcase classname="Day_2.All_annotations" name="xyz" time="0.003"/>
  <system-out/>
</testsuite> <!-- Day_2.All_annotations -->
