<?xml version="1.0" encoding="UTF-8"?>
<!-- Generated by org.testng.reporters.JUnitReportReporter -->
<testsuite hostname="Abhishek" failures="0" tests="1" name="Day_2.Assertions" time="0.013" errors="0" timestamp="2024-05-19T23:38:03 IST" skipped="0">
  <testcase classname="Day_2.Assertions" name="test" time="0.013"/>
  <system-out/>
</testsuite> <!-- Day_2.Assertions -->
