<?xml version="1.0" encoding="UTF-8"?>
<!-- Generated by org.testng.reporters.JUnitReportReporter -->
<testsuite hostname="Abhishek" failures="0" tests="4" name="Day_4.Parallel_url" time="0.112" errors="0" timestamp="2024-05-22T00:14:21 IST" skipped="0">
  <testcase classname="Day_4.Parallel_url" name="testlog" time="0.041"/>
  <system-out/>
  <testcase classname="Day_4.Parallel_url" name="testlog" time="0.036"/>
  <system-out/>
  <testcase classname="Day_4.Parallel_url" name="testhomepagetitle" time="0.010"/>
  <system-out/>
  <testcase classname="Day_4.Parallel_url" name="testhomepagetitle" time="0.025"/>
  <system-out/>
</testsuite> <!-- Day_4.Parallel_url -->
