<?xml version="1.0" encoding="UTF-8"?>
<!-- Generated by org.testng.reporters.JUnitReportReporter -->
<testsuite hostname="Abhishek" failures="0" tests="3" name="Day_1.firsttest" time="0.015" errors="0" timestamp="2024-05-19T12:06:48 IST" skipped="0">
  <testcase classname="Day_1.firsttest" name="test1" time="0.011"/>
  <system-out/>
  <testcase classname="Day_1.firsttest" name="test3" time="0.002"/>
  <system-out/>
  <testcase classname="Day_1.firsttest" name="test2" time="0.002"/>
  <system-out/>
</testsuite> <!-- Day_1.firsttest -->
